15:16:23  [main] 	Initializing Control Panel
15:16:23  [main] 	Windows Version:  Home  64-bit
15:16:23  [main] 	XAMPP Version: 8.2.12
15:16:23  [main] 	Control Panel Version: 3.3.0  [ Compiled: Apr 6th 2021 ]
15:16:23  [main] 	Running with Administrator rights - good!
15:16:23  [main] 	XAMPP Installation Directory: "c:\xampp\"
15:16:23  [main] 	Checking for prerequisites
15:16:23  [main] 	All prerequisites found
15:16:23  [main] 	Initializing Modules
15:16:23  [main] 	The FileZilla module is disabled
15:16:23  [main] 	The Mercury module is disabled
15:16:23  [main] 	The Tomcat module is disabled
15:16:23  [main] 	Starting Check-Timer
15:16:23  [main] 	Control Panel Ready
15:17:45  [Apache] 	Status change detected: running
15:17:45  [mysql] 	Status change detected: running
15:17:47  [mysql] 	Status change detected: stopped
15:17:47  [mysql] 	Error: MySQL shutdown unexpectedly.
15:17:47  [mysql] 	This may be due to a blocked port, missing dependencies, 
15:17:47  [mysql] 	improper privileges, a crash, or a shutdown by another method.
15:17:47  [mysql] 	Press the Logs button to view error logs and check
15:17:47  [mysql] 	the Windows Event Viewer for more clues
15:17:47  [mysql] 	If you need more help, copy and post this
15:17:47  [mysql] 	entire log window on the forums
15:17:52  [mysql] 	Status change detected: running
15:17:53  [mysql] 	Status change detected: stopped
15:17:53  [mysql] 	Error: MySQL shutdown unexpectedly.
15:17:53  [mysql] 	This may be due to a blocked port, missing dependencies, 
15:17:53  [mysql] 	improper privileges, a crash, or a shutdown by another method.
15:17:53  [mysql] 	Press the Logs button to view error logs and check
15:17:53  [mysql] 	the Windows Event Viewer for more clues
15:17:53  [mysql] 	If you need more help, copy and post this
15:17:53  [mysql] 	entire log window on the forums
15:17:59  [Apache] 	Status change detected: stopped
15:17:59  [Apache] 	Error: Apache shutdown unexpectedly.
15:17:59  [Apache] 	This may be due to a blocked port, missing dependencies, 
15:17:59  [Apache] 	improper privileges, a crash, or a shutdown by another method.
15:17:59  [Apache] 	Press the Logs button to view error logs and check
15:17:59  [Apache] 	the Windows Event Viewer for more clues
15:17:59  [Apache] 	If you need more help, copy and post this
15:17:59  [Apache] 	entire log window on the forums
15:18:18  [mysql] 	Status change detected: running
15:18:33  [Apache] 	Status change detected: running
15:18:43  [mysql] 	Status change detected: stopped
15:18:43  [mysql] 	Error: MySQL shutdown unexpectedly.
15:18:43  [mysql] 	This may be due to a blocked port, missing dependencies, 
15:18:43  [mysql] 	improper privileges, a crash, or a shutdown by another method.
15:18:43  [mysql] 	Press the Logs button to view error logs and check
15:18:43  [mysql] 	the Windows Event Viewer for more clues
15:18:43  [mysql] 	If you need more help, copy and post this
15:18:43  [mysql] 	entire log window on the forums
15:21:14  [mysql] 	Status change detected: running
15:21:15  [mysql] 	Status change detected: stopped
15:21:15  [mysql] 	Error: MySQL shutdown unexpectedly.
15:21:15  [mysql] 	This may be due to a blocked port, missing dependencies, 
15:21:15  [mysql] 	improper privileges, a crash, or a shutdown by another method.
15:21:15  [mysql] 	Press the Logs button to view error logs and check
15:21:15  [mysql] 	the Windows Event Viewer for more clues
15:21:15  [mysql] 	If you need more help, copy and post this
15:21:15  [mysql] 	entire log window on the forums
15:21:16  [mysql] 	Status change detected: running
15:21:18  [mysql] 	Status change detected: stopped
15:21:18  [mysql] 	Error: MySQL shutdown unexpectedly.
15:21:18  [mysql] 	This may be due to a blocked port, missing dependencies, 
15:21:18  [mysql] 	improper privileges, a crash, or a shutdown by another method.
15:21:18  [mysql] 	Press the Logs button to view error logs and check
15:21:18  [mysql] 	the Windows Event Viewer for more clues
15:21:18  [mysql] 	If you need more help, copy and post this
15:21:18  [mysql] 	entire log window on the forums
15:23:58  [Apache] 	Status change detected: stopped
15:23:58  [Apache] 	Error: Apache shutdown unexpectedly.
15:23:58  [Apache] 	This may be due to a blocked port, missing dependencies, 
15:23:58  [Apache] 	improper privileges, a crash, or a shutdown by another method.
15:23:58  [Apache] 	Press the Logs button to view error logs and check
15:23:58  [Apache] 	the Windows Event Viewer for more clues
15:23:58  [Apache] 	If you need more help, copy and post this
15:23:58  [Apache] 	entire log window on the forums
15:23:59  [mysql] 	Status change detected: running
15:24:00  [Apache] 	Status change detected: running
15:24:01  [mysql] 	Status change detected: stopped
15:24:01  [mysql] 	Error: MySQL shutdown unexpectedly.
15:24:01  [mysql] 	This may be due to a blocked port, missing dependencies, 
15:24:01  [mysql] 	improper privileges, a crash, or a shutdown by another method.
15:24:01  [mysql] 	Press the Logs button to view error logs and check
15:24:01  [mysql] 	the Windows Event Viewer for more clues
15:24:01  [mysql] 	If you need more help, copy and post this
15:24:01  [mysql] 	entire log window on the forums
15:24:02  [mysql] 	Status change detected: running
15:24:04  [mysql] 	Status change detected: stopped
15:24:04  [mysql] 	Error: MySQL shutdown unexpectedly.
15:24:04  [mysql] 	This may be due to a blocked port, missing dependencies, 
15:24:04  [mysql] 	improper privileges, a crash, or a shutdown by another method.
15:24:04  [mysql] 	Press the Logs button to view error logs and check
15:24:04  [mysql] 	the Windows Event Viewer for more clues
15:24:04  [mysql] 	If you need more help, copy and post this
15:24:04  [mysql] 	entire log window on the forums
15:24:08  [Apache] 	Status change detected: stopped
15:24:08  [Apache] 	Error: Apache shutdown unexpectedly.
15:24:08  [Apache] 	This may be due to a blocked port, missing dependencies, 
15:24:08  [Apache] 	improper privileges, a crash, or a shutdown by another method.
15:24:08  [Apache] 	Press the Logs button to view error logs and check
15:24:08  [Apache] 	the Windows Event Viewer for more clues
15:24:08  [Apache] 	If you need more help, copy and post this
15:24:08  [Apache] 	entire log window on the forums
15:24:09  [Apache] 	Status change detected: running
15:24:10  [mysql] 	Status change detected: running
15:24:12  [mysql] 	Status change detected: stopped
15:24:12  [mysql] 	Error: MySQL shutdown unexpectedly.
15:24:12  [mysql] 	This may be due to a blocked port, missing dependencies, 
15:24:12  [mysql] 	improper privileges, a crash, or a shutdown by another method.
15:24:12  [mysql] 	Press the Logs button to view error logs and check
15:24:12  [mysql] 	the Windows Event Viewer for more clues
15:24:12  [mysql] 	If you need more help, copy and post this
15:24:12  [mysql] 	entire log window on the forums
15:24:47  [main] 	Deinitializing Modules
15:24:47  [main] 	Deinitializing Control Panel

15:18:15  [main] 	Initializing Control Panel
15:18:15  [main] 	Windows Version:  Home  64-bit
15:18:15  [main] 	XAMPP Version: 8.2.12
15:18:15  [main] 	Control Panel Version: 3.3.0  [ Compiled: Apr 6th 2021 ]
15:18:15  [main] 	Running with Administrator rights - good!
15:18:15  [main] 	XAMPP Installation Directory: "c:\xampp\"
15:18:15  [main] 	Checking for prerequisites
15:18:15  [main] 	All prerequisites found
15:18:15  [main] 	Initializing Modules
15:18:15  [main] 	The FileZilla module is disabled
15:18:15  [main] 	The Mercury module is disabled
15:18:15  [main] 	The Tomcat module is disabled
15:18:15  [main] 	Starting Check-Timer
15:18:15  [main] 	Control Panel Ready
15:18:17  [Apache] 	Attempting to start Apache app...
15:18:17  [Apache] 	Status change detected: running
15:18:17  [Apache] 	Attempting to stop Apache (PID: 2380)
15:18:17  [Apache] 	Status change detected: stopped
15:18:17  [mysql] 	Attempting to start MySQL app...
15:18:18  [mysql] 	Status change detected: running
15:18:33  [Apache] 	Attempting to start Apache app...
15:18:33  [Apache] 	Status change detected: running
15:18:43  [mysql] 	Status change detected: stopped
15:18:43  [mysql] 	Error: MySQL shutdown unexpectedly.
15:18:43  [mysql] 	This may be due to a blocked port, missing dependencies, 
15:18:43  [mysql] 	improper privileges, a crash, or a shutdown by another method.
15:18:43  [mysql] 	Press the Logs button to view error logs and check
15:18:43  [mysql] 	the Windows Event Viewer for more clues
15:18:43  [mysql] 	If you need more help, copy and post this
15:18:43  [mysql] 	entire log window on the forums
15:21:14  [mysql] 	Attempting to start MySQL app...
15:21:14  [mysql] 	Status change detected: running
15:21:14  [mysql] 	Attempting to stop MySQL app...
15:21:15  [mysql] 	Status change detected: stopped
15:21:16  [mysql] 	Attempting to start MySQL app...
15:21:16  [mysql] 	Status change detected: running
15:21:18  [mysql] 	Status change detected: stopped
15:21:18  [mysql] 	Error: MySQL shutdown unexpectedly.
15:21:18  [mysql] 	This may be due to a blocked port, missing dependencies, 
15:21:18  [mysql] 	improper privileges, a crash, or a shutdown by another method.
15:21:18  [mysql] 	Press the Logs button to view error logs and check
15:21:18  [mysql] 	the Windows Event Viewer for more clues
15:21:18  [mysql] 	If you need more help, copy and post this
15:21:18  [mysql] 	entire log window on the forums
15:23:58  [Apache] 	Status change detected: stopped
15:23:58  [Apache] 	Error: Apache shutdown unexpectedly.
15:23:58  [Apache] 	This may be due to a blocked port, missing dependencies, 
15:23:58  [Apache] 	improper privileges, a crash, or a shutdown by another method.
15:23:58  [Apache] 	Press the Logs button to view error logs and check
15:23:58  [Apache] 	the Windows Event Viewer for more clues
15:23:58  [Apache] 	If you need more help, copy and post this
15:23:58  [Apache] 	entire log window on the forums
15:23:59  [mysql] 	Status change detected: running
15:24:00  [Apache] 	Status change detected: running
15:24:01  [mysql] 	Status change detected: stopped
15:24:01  [mysql] 	Error: MySQL shutdown unexpectedly.
15:24:01  [mysql] 	This may be due to a blocked port, missing dependencies, 
15:24:01  [mysql] 	improper privileges, a crash, or a shutdown by another method.
15:24:01  [mysql] 	Press the Logs button to view error logs and check
15:24:01  [mysql] 	the Windows Event Viewer for more clues
15:24:01  [mysql] 	If you need more help, copy and post this
15:24:01  [mysql] 	entire log window on the forums
15:24:02  [mysql] 	Status change detected: running
15:24:04  [mysql] 	Status change detected: stopped
15:24:04  [mysql] 	Error: MySQL shutdown unexpectedly.
15:24:04  [mysql] 	This may be due to a blocked port, missing dependencies, 
15:24:04  [mysql] 	improper privileges, a crash, or a shutdown by another method.
15:24:04  [mysql] 	Press the Logs button to view error logs and check
15:24:04  [mysql] 	the Windows Event Viewer for more clues
15:24:04  [mysql] 	If you need more help, copy and post this
15:24:04  [mysql] 	entire log window on the forums
15:24:08  [Apache] 	Status change detected: stopped
15:24:08  [Apache] 	Error: Apache shutdown unexpectedly.
15:24:08  [Apache] 	This may be due to a blocked port, missing dependencies, 
15:24:08  [Apache] 	improper privileges, a crash, or a shutdown by another method.
15:24:08  [Apache] 	Press the Logs button to view error logs and check
15:24:08  [Apache] 	the Windows Event Viewer for more clues
15:24:08  [Apache] 	If you need more help, copy and post this
15:24:08  [Apache] 	entire log window on the forums
15:24:09  [Apache] 	Status change detected: running
15:24:10  [mysql] 	Status change detected: running
15:24:12  [mysql] 	Status change detected: stopped
15:24:12  [mysql] 	Error: MySQL shutdown unexpectedly.
15:24:12  [mysql] 	This may be due to a blocked port, missing dependencies, 
15:24:12  [mysql] 	improper privileges, a crash, or a shutdown by another method.
15:24:12  [mysql] 	Press the Logs button to view error logs and check
15:24:12  [mysql] 	the Windows Event Viewer for more clues
15:24:12  [mysql] 	If you need more help, copy and post this
15:24:12  [mysql] 	entire log window on the forums
15:24:47  [main] 	Deinitializing Modules
15:24:47  [main] 	Deinitializing Control Panel

15:17:42  [main] 	Initializing Control Panel
15:17:42  [main] 	Windows Version:  Home  64-bit
15:17:42  [main] 	XAMPP Version: 8.2.12
15:17:42  [main] 	Control Panel Version: 3.3.0  [ Compiled: Apr 6th 2021 ]
15:17:42  [main] 	Running with Administrator rights - good!
15:17:42  [main] 	XAMPP Installation Directory: "c:\xampp\"
15:17:42  [main] 	Checking for prerequisites
15:17:42  [main] 	All prerequisites found
15:17:42  [main] 	Initializing Modules
15:17:42  [main] 	The FileZilla module is disabled
15:17:42  [main] 	The Mercury module is disabled
15:17:42  [main] 	The Tomcat module is disabled
15:17:42  [main] 	Starting Check-Timer
15:17:42  [main] 	Control Panel Ready
15:17:44  [Apache] 	Attempting to start Apache app...
15:17:44  [Apache] 	Attempting to start Apache app...
15:17:45  [Apache] 	Status change detected: running
15:17:45  [mysql] 	Attempting to start MySQL app...
15:17:45  [mysql] 	Attempting to start MySQL app...
15:17:45  [mysql] 	Status change detected: running
15:17:47  [mysql] 	Status change detected: stopped
15:17:47  [mysql] 	Error: MySQL shutdown unexpectedly.
15:17:47  [mysql] 	This may be due to a blocked port, missing dependencies, 
15:17:47  [mysql] 	improper privileges, a crash, or a shutdown by another method.
15:17:47  [mysql] 	Press the Logs button to view error logs and check
15:17:47  [mysql] 	the Windows Event Viewer for more clues
15:17:47  [mysql] 	If you need more help, copy and post this
15:17:47  [mysql] 	entire log window on the forums
15:17:52  [mysql] 	Attempting to start MySQL app...
15:17:52  [mysql] 	Attempting to start MySQL app...
15:17:52  [mysql] 	Status change detected: running
15:17:54  [mysql] 	Status change detected: stopped
15:17:54  [mysql] 	Error: MySQL shutdown unexpectedly.
15:17:54  [mysql] 	This may be due to a blocked port, missing dependencies, 
15:17:54  [mysql] 	improper privileges, a crash, or a shutdown by another method.
15:17:54  [mysql] 	Press the Logs button to view error logs and check
15:17:54  [mysql] 	the Windows Event Viewer for more clues
15:17:54  [mysql] 	If you need more help, copy and post this
15:17:54  [mysql] 	entire log window on the forums
15:17:56  [mysql] 	Attempting to start MySQL app...
15:17:56  [mysql] 	Status change detected: running
15:17:56  [mysql] 	Attempting to stop MySQL app...
15:17:56  [mysql] 	Status change detected: stopped
15:17:59  [Apache] 	Attempting to stop Apache (PID: 16092)
15:17:59  [Apache] 	Attempting to stop Apache (PID: 3636)
15:17:59  [Apache] 	Attempting to stop Apache (PID: 16092)
15:17:59  [Apache] 	Problem killing PID 16092
15:17:59  [Apache] 	Check that you have the proper privileges
15:17:59  [Apache] 	Attempting to stop Apache (PID: 3636)
15:17:59  [Apache] 	Problem killing PID 3636
15:17:59  [Apache] 	Check that you have the proper privileges
15:17:59  [Apache] 	Status change detected: stopped
15:18:18  [mysql] 	Status change detected: running
15:18:33  [Apache] 	Status change detected: running
15:18:43  [mysql] 	Status change detected: stopped
15:21:16  [mysql] 	Status change detected: running
15:21:18  [mysql] 	Status change detected: stopped
15:23:58  [Apache] 	Status change detected: stopped
15:23:59  [mysql] 	Status change detected: running
15:24:00  [Apache] 	Status change detected: running
15:24:01  [mysql] 	Status change detected: stopped
15:24:02  [mysql] 	Status change detected: running
15:24:04  [mysql] 	Status change detected: stopped
15:24:08  [Apache] 	Status change detected: stopped
15:24:09  [Apache] 	Status change detected: running
15:24:10  [mysql] 	Status change detected: running
15:24:12  [mysql] 	Status change detected: stopped
15:24:47  [main] 	Deinitializing Modules
15:24:47  [main] 	Deinitializing Control Panel

15:27:38  [main] 	Initializing Control Panel
15:27:38  [main] 	Windows Version:  Home  64-bit
15:27:38  [main] 	XAMPP Version: 8.2.12
15:27:38  [main] 	Control Panel Version: 3.3.0  [ Compiled: Apr 6th 2021 ]
15:27:38  [main] 	Running with Administrator rights - good!
15:27:38  [main] 	XAMPP Installation Directory: "c:\xampp\"
15:27:38  [main] 	Checking for prerequisites
15:27:38  [main] 	All prerequisites found
15:27:38  [main] 	Initializing Modules
15:27:38  [main] 	The FileZilla module is disabled
15:27:38  [main] 	The Mercury module is disabled
15:27:38  [main] 	The Tomcat module is disabled
15:27:38  [main] 	Starting Check-Timer
15:27:38  [main] 	Control Panel Ready
15:27:40  [Apache] 	Attempting to start Apache app...
15:27:40  [Apache] 	Status change detected: running
15:27:40  [mysql] 	Attempting to start MySQL app...
15:27:41  [mysql] 	Status change detected: running
15:27:41  [mysql] 	Status change detected: stopped
15:27:41  [mysql] 	Error: MySQL shutdown unexpectedly.
15:27:41  [mysql] 	This may be due to a blocked port, missing dependencies, 
15:27:41  [mysql] 	improper privileges, a crash, or a shutdown by another method.
15:27:41  [mysql] 	Press the Logs button to view error logs and check
15:27:41  [mysql] 	the Windows Event Viewer for more clues
15:27:41  [mysql] 	If you need more help, copy and post this
15:27:41  [mysql] 	entire log window on the forums
15:33:14  [main] 	Deinitializing Modules
15:33:14  [main] 	Deinitializing Control Panel

15:36:30  [main] 	Initializing Control Panel
15:36:30  [main] 	Windows Version:  Home  64-bit
15:36:30  [main] 	XAMPP Version: 8.2.12
15:36:30  [main] 	Control Panel Version: 3.3.0  [ Compiled: Apr 6th 2021 ]
15:36:30  [main] 	Running with Administrator rights - good!
15:36:30  [main] 	XAMPP Installation Directory: "c:\xampp\"
15:36:30  [main] 	Checking for prerequisites
15:36:34  [main] 	All prerequisites found
15:36:34  [main] 	Initializing Modules
15:36:34  [main] 	The FileZilla module is disabled
15:36:34  [main] 	The Mercury module is disabled
15:36:34  [main] 	The Tomcat module is disabled
15:36:34  [main] 	Starting Check-Timer
15:36:34  [main] 	Control Panel Ready
15:36:40  [Apache] 	Attempting to start Apache app...
15:36:40  [Apache] 	Status change detected: running
15:36:44  [mysql] 	Attempting to start MySQL app...
15:36:45  [mysql] 	Status change detected: running
15:36:47  [mysql] 	Status change detected: stopped
15:36:47  [mysql] 	Error: MySQL shutdown unexpectedly.
15:36:47  [mysql] 	This may be due to a blocked port, missing dependencies, 
15:36:47  [mysql] 	improper privileges, a crash, or a shutdown by another method.
15:36:47  [mysql] 	Press the Logs button to view error logs and check
15:36:47  [mysql] 	the Windows Event Viewer for more clues
15:36:47  [mysql] 	If you need more help, copy and post this
15:36:47  [mysql] 	entire log window on the forums
15:40:53  [Apache] 	Status change detected: stopped
15:40:53  [Apache] 	Error: Apache shutdown unexpectedly.
15:40:53  [Apache] 	This may be due to a blocked port, missing dependencies, 
15:40:53  [Apache] 	improper privileges, a crash, or a shutdown by another method.
15:40:53  [Apache] 	Press the Logs button to view error logs and check
15:40:53  [Apache] 	the Windows Event Viewer for more clues
15:40:53  [Apache] 	If you need more help, copy and post this
15:40:53  [Apache] 	entire log window on the forums
15:40:58  [mysql] 	Status change detected: running
15:40:59  [Apache] 	Status change detected: running
15:50:36  [Apache] 	Status change detected: stopped
15:50:36  [Apache] 	Error: Apache shutdown unexpectedly.
15:50:36  [Apache] 	This may be due to a blocked port, missing dependencies, 
15:50:36  [Apache] 	improper privileges, a crash, or a shutdown by another method.
15:50:36  [Apache] 	Press the Logs button to view error logs and check
15:50:36  [Apache] 	the Windows Event Viewer for more clues
15:50:36  [Apache] 	If you need more help, copy and post this
15:50:36  [Apache] 	entire log window on the forums
15:50:36  [mysql] 	Status change detected: stopped
15:50:36  [mysql] 	Error: MySQL shutdown unexpectedly.
15:50:36  [mysql] 	This may be due to a blocked port, missing dependencies, 
15:50:36  [mysql] 	improper privileges, a crash, or a shutdown by another method.
15:50:36  [mysql] 	Press the Logs button to view error logs and check
15:50:36  [mysql] 	the Windows Event Viewer for more clues
15:50:36  [mysql] 	If you need more help, copy and post this
15:50:36  [mysql] 	entire log window on the forums
15:50:37  [Apache] 	Status change detected: running
15:50:38  [mysql] 	Status change detected: running
15:51:27  [Apache] 	Status change detected: stopped
15:51:27  [Apache] 	Error: Apache shutdown unexpectedly.
15:51:27  [Apache] 	This may be due to a blocked port, missing dependencies, 
15:51:27  [Apache] 	improper privileges, a crash, or a shutdown by another method.
15:51:27  [Apache] 	Press the Logs button to view error logs and check
15:51:27  [Apache] 	the Windows Event Viewer for more clues
15:51:27  [Apache] 	If you need more help, copy and post this
15:51:27  [Apache] 	entire log window on the forums
15:51:28  [mysql] 	Status change detected: stopped
15:51:28  [mysql] 	Error: MySQL shutdown unexpectedly.
15:51:28  [mysql] 	This may be due to a blocked port, missing dependencies, 
15:51:28  [mysql] 	improper privileges, a crash, or a shutdown by another method.
15:51:28  [mysql] 	Press the Logs button to view error logs and check
15:51:28  [mysql] 	the Windows Event Viewer for more clues
15:51:28  [mysql] 	If you need more help, copy and post this
15:51:28  [mysql] 	entire log window on the forums
15:52:12  [Apache] 	Status change detected: running
15:52:13  [mysql] 	Status change detected: running
15:56:21  [Apache] 	Status change detected: stopped
15:56:21  [Apache] 	Error: Apache shutdown unexpectedly.
15:56:21  [Apache] 	This may be due to a blocked port, missing dependencies, 
15:56:21  [Apache] 	improper privileges, a crash, or a shutdown by another method.
15:56:21  [Apache] 	Press the Logs button to view error logs and check
15:56:21  [Apache] 	the Windows Event Viewer for more clues
15:56:21  [Apache] 	If you need more help, copy and post this
15:56:21  [Apache] 	entire log window on the forums
15:56:22  [mysql] 	Status change detected: stopped
15:56:22  [mysql] 	Error: MySQL shutdown unexpectedly.
15:56:22  [mysql] 	This may be due to a blocked port, missing dependencies, 
15:56:22  [mysql] 	improper privileges, a crash, or a shutdown by another method.
15:56:22  [mysql] 	Press the Logs button to view error logs and check
15:56:22  [mysql] 	the Windows Event Viewer for more clues
15:56:22  [mysql] 	If you need more help, copy and post this
15:56:22  [mysql] 	entire log window on the forums
15:56:24  [Apache] 	Status change detected: running
15:56:25  [mysql] 	Status change detected: running
15:58:31  [Apache] 	Status change detected: stopped
15:58:31  [Apache] 	Error: Apache shutdown unexpectedly.
15:58:31  [Apache] 	This may be due to a blocked port, missing dependencies, 
15:58:31  [Apache] 	improper privileges, a crash, or a shutdown by another method.
15:58:31  [Apache] 	Press the Logs button to view error logs and check
15:58:31  [Apache] 	the Windows Event Viewer for more clues
15:58:31  [Apache] 	If you need more help, copy and post this
15:58:31  [Apache] 	entire log window on the forums
15:58:31  [mysql] 	Status change detected: stopped
15:58:31  [mysql] 	Error: MySQL shutdown unexpectedly.
15:58:31  [mysql] 	This may be due to a blocked port, missing dependencies, 
15:58:31  [mysql] 	improper privileges, a crash, or a shutdown by another method.
15:58:31  [mysql] 	Press the Logs button to view error logs and check
15:58:31  [mysql] 	the Windows Event Viewer for more clues
15:58:31  [mysql] 	If you need more help, copy and post this
15:58:31  [mysql] 	entire log window on the forums
15:59:05  [main] 	Deinitializing Modules
15:59:05  [main] 	Deinitializing Control Panel

15:40:51  [main] 	Initializing Control Panel
15:40:51  [main] 	Windows Version:  Home  64-bit
15:40:51  [main] 	XAMPP Version: 8.2.12
15:40:51  [main] 	Control Panel Version: 3.3.0  [ Compiled: Apr 6th 2021 ]
15:40:51  [main] 	Running with Administrator rights - good!
15:40:51  [main] 	XAMPP Installation Directory: "c:\xampp\"
15:40:51  [main] 	Checking for prerequisites
15:40:51  [main] 	All prerequisites found
15:40:51  [main] 	Initializing Modules
15:40:51  [Apache] 	XAMPP Apache is already running on port 80
15:40:51  [Apache] 	XAMPP Apache is already running on port 443
15:40:52  [main] 	The FileZilla module is disabled
15:40:52  [main] 	The Mercury module is disabled
15:40:52  [main] 	The Tomcat module is disabled
15:40:52  [main] 	Starting Check-Timer
15:40:52  [main] 	Control Panel Ready
15:40:53  [Apache] 	Attempting to stop Apache (PID: 2740)
15:40:53  [Apache] 	Attempting to stop Apache (PID: 4388)
15:40:54  [Apache] 	Status change detected: stopped
15:40:58  [mysql] 	Attempting to start MySQL app...
15:40:58  [mysql] 	Status change detected: running
15:40:59  [Apache] 	Attempting to start Apache app...
15:40:59  [Apache] 	Status change detected: running
15:50:35  [Apache] 	Attempting to stop Apache (PID: 5776)
15:50:35  [Apache] 	Attempting to stop Apache (PID: 10384)
15:50:36  [Apache] 	Status change detected: stopped
15:50:36  [mysql] 	Attempting to stop MySQL app...
15:50:36  [mysql] 	Status change detected: stopped
15:50:37  [Apache] 	Attempting to start Apache app...
15:50:37  [Apache] 	Status change detected: running
15:50:37  [mysql] 	Attempting to start MySQL app...
15:50:38  [mysql] 	Status change detected: running
15:51:27  [Apache] 	Attempting to stop Apache (PID: 18936)
15:51:27  [Apache] 	Attempting to stop Apache (PID: 1164)
15:51:27  [Apache] 	Status change detected: stopped
15:51:27  [mysql] 	Attempting to stop MySQL app...
15:51:28  [mysql] 	Status change detected: stopped
15:52:12  [Apache] 	Attempting to start Apache app...
15:52:12  [Apache] 	Status change detected: running
15:52:13  [mysql] 	Attempting to start MySQL app...
15:52:13  [mysql] 	Status change detected: running
15:56:21  [Apache] 	Attempting to stop Apache (PID: 20392)
15:56:21  [Apache] 	Attempting to stop Apache (PID: 15836)
15:56:21  [Apache] 	Status change detected: stopped
15:56:22  [mysql] 	Attempting to stop MySQL app...
15:56:22  [mysql] 	Status change detected: stopped
15:56:23  [Apache] 	Attempting to start Apache app...
15:56:24  [Apache] 	Status change detected: running
15:56:24  [mysql] 	Attempting to start MySQL app...
15:56:25  [mysql] 	Status change detected: running
15:58:30  [Apache] 	Attempting to stop Apache (PID: 16664)
15:58:30  [Apache] 	Attempting to stop Apache (PID: 7228)
15:58:31  [Apache] 	Status change detected: stopped
15:58:31  [mysql] 	Attempting to stop MySQL app...
15:58:31  [mysql] 	Status change detected: stopped
15:59:05  [main] 	Deinitializing Modules
15:59:05  [main] 	Deinitializing Control Panel

16:30:18  [main] 	Initializing Control Panel
16:30:18  [main] 	Windows Version:  Home  64-bit
16:30:18  [main] 	XAMPP Version: 8.2.12
16:30:18  [main] 	Control Panel Version: 3.3.0  [ Compiled: Apr 6th 2021 ]
16:30:18  [main] 	Running with Administrator rights - good!
16:30:18  [main] 	XAMPP Installation Directory: "c:\xampp\"
16:30:18  [main] 	Checking for prerequisites
16:30:18  [main] 	All prerequisites found
16:30:18  [main] 	Initializing Modules
16:30:18  [Apache] 	XAMPP Apache is already running on port 80
16:30:18  [Apache] 	XAMPP Apache is already running on port 443
16:30:18  [main] 	The FileZilla module is disabled
16:30:18  [main] 	The Mercury module is disabled
16:30:18  [main] 	The Tomcat module is disabled
16:30:18  [main] 	Starting Check-Timer
16:30:18  [main] 	Control Panel Ready
16:30:19  [Apache] 	Attempting to stop Apache (PID: 12508)
16:30:19  [Apache] 	Attempting to stop Apache (PID: 15664)
16:30:20  [Apache] 	Status change detected: stopped
16:30:20  [Apache] 	Attempting to start Apache app...
16:30:21  [Apache] 	Status change detected: running
16:30:21  [mysql] 	Attempting to start MySQL app...
16:30:24  [mysql] 	Attempting to start MySQL app...
16:30:24  [mysql] 	Status change detected: running
16:30:25  [mysql] 	Status change detected: stopped
16:30:25  [mysql] 	Error: MySQL shutdown unexpectedly.
16:30:25  [mysql] 	This may be due to a blocked port, missing dependencies, 
16:30:25  [mysql] 	improper privileges, a crash, or a shutdown by another method.
16:30:25  [mysql] 	Press the Logs button to view error logs and check
16:30:25  [mysql] 	the Windows Event Viewer for more clues
16:30:25  [mysql] 	If you need more help, copy and post this
16:30:25  [mysql] 	entire log window on the forums
16:30:26  [mysql] 	Attempting to start MySQL app...
16:30:26  [mysql] 	Status change detected: running
16:30:27  [mysql] 	Status change detected: stopped
16:30:27  [mysql] 	Error: MySQL shutdown unexpectedly.
16:30:27  [mysql] 	This may be due to a blocked port, missing dependencies, 
16:30:27  [mysql] 	improper privileges, a crash, or a shutdown by another method.
16:30:27  [mysql] 	Press the Logs button to view error logs and check
16:30:27  [mysql] 	the Windows Event Viewer for more clues
16:30:27  [mysql] 	If you need more help, copy and post this
16:30:27  [mysql] 	entire log window on the forums
16:30:31  [main] 	Deinitializing Modules
16:30:31  [main] 	Deinitializing Control Panel

16:43:54  [main] 	Initializing Control Panel
16:43:54  [main] 	Windows Version:  Home  64-bit
16:43:54  [main] 	XAMPP Version: 8.2.12
16:43:54  [main] 	Control Panel Version: 3.3.0  [ Compiled: Apr 6th 2021 ]
16:43:54  [main] 	Running with Administrator rights - good!
16:43:54  [main] 	XAMPP Installation Directory: "c:\xampp\"
16:43:54  [main] 	Checking for prerequisites
16:43:55  [main] 	All prerequisites found
16:43:55  [main] 	Initializing Modules
16:43:55  [mysql] 	XAMPP MySQL is already running on port 3306
16:43:55  [main] 	The FileZilla module is disabled
16:43:55  [main] 	The Mercury module is disabled
16:43:55  [main] 	The Tomcat module is disabled
16:43:55  [main] 	Starting Check-Timer
16:43:55  [main] 	Control Panel Ready
16:43:56  [Apache] 	Attempting to start Apache app...
16:43:57  [Apache] 	Status change detected: running
16:46:53  [Apache] 	Attempting to stop Apache (PID: 15320)
16:46:53  [Apache] 	Attempting to stop Apache (PID: 10292)
16:46:54  [Apache] 	Status change detected: stopped
16:46:54  [mysql] 	Attempting to stop MySQL app...
16:46:55  [mysql] 	Status change detected: stopped
16:56:46  [Apache] 	Attempting to start Apache app...
16:56:46  [Apache] 	Status change detected: running
16:56:47  [mysql] 	Attempting to start MySQL app...
16:56:47  [mysql] 	Status change detected: running
16:56:49  [mysql] 	Status change detected: stopped
16:56:49  [mysql] 	Error: MySQL shutdown unexpectedly.
16:56:49  [mysql] 	This may be due to a blocked port, missing dependencies, 
16:56:49  [mysql] 	improper privileges, a crash, or a shutdown by another method.
16:56:49  [mysql] 	Press the Logs button to view error logs and check
16:56:49  [mysql] 	the Windows Event Viewer for more clues
16:56:49  [mysql] 	If you need more help, copy and post this
16:56:49  [mysql] 	entire log window on the forums
16:58:47  [main] 	Deinitializing Modules
16:58:48  [main] 	Deinitializing Control Panel

16:41:27  [main] 	Initializing Control Panel
16:41:27  [main] 	Windows Version:  Home  64-bit
16:41:27  [main] 	XAMPP Version: 8.2.12
16:41:27  [main] 	Control Panel Version: 3.3.0  [ Compiled: Apr 6th 2021 ]
16:41:27  [main] 	Running with Administrator rights - good!
16:41:27  [main] 	XAMPP Installation Directory: "c:\xampp\"
16:41:27  [main] 	Checking for prerequisites
16:41:27  [main] 	All prerequisites found
16:41:27  [main] 	Initializing Modules
16:41:27  [Apache] 	XAMPP Apache is already running on port 80
16:41:28  [Apache] 	XAMPP Apache is already running on port 443
16:41:28  [main] 	The FileZilla module is disabled
16:41:28  [main] 	The Mercury module is disabled
16:41:28  [main] 	The Tomcat module is disabled
16:41:28  [main] 	Starting Check-Timer
16:41:28  [main] 	Control Panel Ready
16:41:30  [Apache] 	Attempting to stop Apache (PID: 5984)
16:41:30  [Apache] 	Attempting to stop Apache (PID: 3988)
16:41:31  [Apache] 	Status change detected: stopped
16:41:32  [Apache] 	Attempting to start Apache app...
16:41:33  [Apache] 	Status change detected: running
16:41:33  [mysql] 	Attempting to start MySQL app...
16:41:34  [mysql] 	Status change detected: running
16:41:34  [mysql] 	Status change detected: stopped
16:41:34  [mysql] 	Error: MySQL shutdown unexpectedly.
16:41:34  [mysql] 	This may be due to a blocked port, missing dependencies, 
16:41:34  [mysql] 	improper privileges, a crash, or a shutdown by another method.
16:41:34  [mysql] 	Press the Logs button to view error logs and check
16:41:34  [mysql] 	the Windows Event Viewer for more clues
16:41:34  [mysql] 	If you need more help, copy and post this
16:41:34  [mysql] 	entire log window on the forums
16:41:40  [Apache] 	Attempting to stop Apache (PID: 3596)
16:41:40  [Apache] 	Attempting to stop Apache (PID: 14688)
16:41:40  [Apache] 	Status change detected: stopped
16:43:19  [Apache] 	Attempting to start Apache app...
16:43:19  [Apache] 	Status change detected: running
16:43:20  [mysql] 	Attempting to start MySQL app...
16:43:21  [mysql] 	Status change detected: running
16:43:21  [mysql] 	Status change detected: stopped
16:43:21  [mysql] 	Error: MySQL shutdown unexpectedly.
16:43:21  [mysql] 	This may be due to a blocked port, missing dependencies, 
16:43:21  [mysql] 	improper privileges, a crash, or a shutdown by another method.
16:43:21  [mysql] 	Press the Logs button to view error logs and check
16:43:21  [mysql] 	the Windows Event Viewer for more clues
16:43:21  [mysql] 	If you need more help, copy and post this
16:43:21  [mysql] 	entire log window on the forums
16:43:23  [Apache] 	Attempting to stop Apache (PID: 14316)
16:43:23  [Apache] 	Attempting to stop Apache (PID: 8692)
16:43:23  [Apache] 	Status change detected: stopped
16:43:24  [Apache] 	Attempting to start Apache app...
16:43:24  [Apache] 	Status change detected: running
16:43:25  [mysql] 	Attempting to start MySQL app...
16:43:26  [mysql] 	Status change detected: running
16:43:29  [Apache] 	Attempting to stop Apache (PID: 3604)
16:43:29  [Apache] 	Attempting to stop Apache (PID: 1324)
16:43:30  [Apache] 	Status change detected: stopped
16:43:56  [Apache] 	Status change detected: running
16:46:54  [Apache] 	Status change detected: stopped
16:46:55  [mysql] 	Status change detected: stopped
16:46:55  [mysql] 	Error: MySQL shutdown unexpectedly.
16:46:55  [mysql] 	This may be due to a blocked port, missing dependencies, 
16:46:55  [mysql] 	improper privileges, a crash, or a shutdown by another method.
16:46:55  [mysql] 	Press the Logs button to view error logs and check
16:46:55  [mysql] 	the Windows Event Viewer for more clues
16:46:55  [mysql] 	If you need more help, copy and post this
16:46:55  [mysql] 	entire log window on the forums
16:56:46  [Apache] 	Status change detected: running
16:56:47  [mysql] 	Status change detected: running
16:56:49  [mysql] 	Status change detected: stopped
16:56:49  [mysql] 	Error: MySQL shutdown unexpectedly.
16:56:49  [mysql] 	This may be due to a blocked port, missing dependencies, 
16:56:49  [mysql] 	improper privileges, a crash, or a shutdown by another method.
16:56:49  [mysql] 	Press the Logs button to view error logs and check
16:56:49  [mysql] 	the Windows Event Viewer for more clues
16:56:49  [mysql] 	If you need more help, copy and post this
16:56:49  [mysql] 	entire log window on the forums
16:58:47  [main] 	Deinitializing Modules
16:58:48  [main] 	Deinitializing Control Panel

16:59:54  [main] 	Initializing Control Panel
16:59:54  [main] 	Windows Version:  Home  64-bit
16:59:55  [main] 	XAMPP Version: 8.2.12
16:59:55  [main] 	Control Panel Version: 3.3.0  [ Compiled: Apr 6th 2021 ]
16:59:55  [main] 	Running with Administrator rights - good!
16:59:55  [main] 	XAMPP Installation Directory: "c:\xampp\"
16:59:55  [main] 	Checking for prerequisites
16:59:58  [main] 	All prerequisites found
16:59:58  [main] 	Initializing Modules
16:59:58  [main] 	The FileZilla module is disabled
16:59:58  [main] 	The Mercury module is disabled
16:59:58  [main] 	The Tomcat module is disabled
16:59:58  [main] 	Starting Check-Timer
16:59:58  [main] 	Control Panel Ready
17:00:01  [Apache] 	Attempting to start Apache app...
17:00:01  [Apache] 	Status change detected: running
17:00:02  [mysql] 	Attempting to start MySQL app...
17:00:02  [mysql] 	Status change detected: running
17:00:04  [mysql] 	Status change detected: stopped
17:00:04  [mysql] 	Error: MySQL shutdown unexpectedly.
17:00:04  [mysql] 	This may be due to a blocked port, missing dependencies, 
17:00:04  [mysql] 	improper privileges, a crash, or a shutdown by another method.
17:00:04  [mysql] 	Press the Logs button to view error logs and check
17:00:04  [mysql] 	the Windows Event Viewer for more clues
17:00:04  [mysql] 	If you need more help, copy and post this
17:00:04  [mysql] 	entire log window on the forums
17:01:03  [Apache] 	Attempting to stop Apache (PID: 15004)
17:01:03  [Apache] 	Attempting to stop Apache (PID: 15152)
17:01:03  [Apache] 	Status change detected: stopped
17:02:43  [Apache] 	Attempting to start Apache app...
17:02:43  [Apache] 	Status change detected: running
17:02:44  [mysql] 	Attempting to start MySQL app...
17:02:45  [mysql] 	Status change detected: running
17:06:34  [Apache] 	Attempting to stop Apache (PID: 4076)
17:06:34  [Apache] 	Attempting to stop Apache (PID: 5432)
17:06:35  [Apache] 	Status change detected: stopped
17:06:35  [mysql] 	Attempting to stop MySQL app...
17:06:35  [mysql] 	Status change detected: stopped
17:06:38  [Apache] 	Attempting to start Apache app...
17:06:38  [Apache] 	Status change detected: running
17:06:38  [mysql] 	Attempting to start MySQL app...
17:06:39  [mysql] 	Status change detected: running
17:07:25  [Apache] 	Attempting to stop Apache (PID: 6416)
17:07:25  [Apache] 	Attempting to stop Apache (PID: 2312)
17:07:26  [Apache] 	Status change detected: stopped
17:07:26  [mysql] 	Attempting to stop MySQL app...
17:07:27  [mysql] 	Status change detected: stopped
17:07:29  [Apache] 	Attempting to start Apache app...
17:07:29  [Apache] 	Status change detected: running
17:07:30  [mysql] 	Attempting to start MySQL app...
17:07:30  [mysql] 	Status change detected: running
17:38:36  [Apache] 	Attempting to stop Apache (PID: 1728)
17:38:36  [Apache] 	Attempting to stop Apache (PID: 6872)
17:38:36  [Apache] 	Status change detected: stopped
17:38:37  [mysql] 	Attempting to stop MySQL app...
17:38:37  [mysql] 	Status change detected: stopped
17:38:39  [Apache] 	Attempting to start Apache app...
17:38:39  [Apache] 	Status change detected: running
17:38:40  [mysql] 	Attempting to start MySQL app...
17:38:40  [mysql] 	Status change detected: running
17:44:45  [Apache] 	Attempting to stop Apache (PID: 16840)
17:44:45  [Apache] 	Attempting to stop Apache (PID: 2452)
17:44:45  [Apache] 	Status change detected: stopped
17:44:46  [mysql] 	Attempting to stop MySQL app...
17:44:46  [mysql] 	Status change detected: stopped
17:48:07  [Apache] 	Status change detected: running
17:48:08  [mysql] 	Status change detected: running
17:51:15  [Apache] 	Status change detected: stopped
17:51:16  [mysql] 	Status change detected: stopped
17:55:53  [Apache] 	Status change detected: running
17:55:55  [mysql] 	Status change detected: running
17:57:57  [Apache] 	Status change detected: stopped
17:57:58  [mysql] 	Status change detected: stopped
17:58:00  [Apache] 	Status change detected: running
17:58:04  [mysql] 	Status change detected: running
17:59:20  [Apache] 	Status change detected: stopped
17:59:21  [mysql] 	Status change detected: stopped
17:59:31  [Apache] 	Status change detected: running
17:59:34  [mysql] 	Status change detected: running
18:00:27  [Apache] 	Status change detected: stopped
18:00:28  [mysql] 	Status change detected: stopped
18:01:46  [Apache] 	Status change detected: running
18:01:47  [mysql] 	Status change detected: running
18:07:30  [Apache] 	Status change detected: stopped
18:07:30  [mysql] 	Status change detected: stopped
18:07:30  [main] 	Deinitializing Modules
18:07:30  [main] 	Deinitializing Control Panel

17:48:02  [main] 	Initializing Control Panel
17:48:02  [main] 	Windows Version:  Home  64-bit
17:48:02  [main] 	XAMPP Version: 8.2.12
17:48:02  [main] 	Control Panel Version: 3.3.0  [ Compiled: Apr 6th 2021 ]
17:48:02  [main] 	Running with Administrator rights - good!
17:48:02  [main] 	XAMPP Installation Directory: "c:\xampp\"
17:48:02  [main] 	Checking for prerequisites
17:48:04  [main] 	All prerequisites found
17:48:04  [main] 	Initializing Modules
17:48:04  [main] 	The FileZilla module is disabled
17:48:04  [main] 	The Mercury module is disabled
17:48:04  [main] 	The Tomcat module is disabled
17:48:04  [main] 	Starting Check-Timer
17:48:04  [main] 	Control Panel Ready
17:48:07  [Apache] 	Attempting to start Apache app...
17:48:07  [Apache] 	Status change detected: running
17:48:08  [mysql] 	Attempting to start MySQL app...
17:48:08  [mysql] 	Status change detected: running
17:51:14  [Apache] 	Attempting to stop Apache (PID: 12652)
17:51:14  [Apache] 	Attempting to stop Apache (PID: 15092)
17:51:15  [Apache] 	Status change detected: stopped
17:51:15  [mysql] 	Attempting to stop MySQL app...
17:51:16  [mysql] 	Status change detected: stopped
17:55:53  [Apache] 	Attempting to start Apache app...
17:55:53  [Apache] 	Status change detected: running
17:55:55  [mysql] 	Attempting to start MySQL app...
17:55:55  [mysql] 	Status change detected: running
17:57:57  [Apache] 	Attempting to stop Apache (PID: 13812)
17:57:57  [Apache] 	Attempting to stop Apache (PID: 16340)
17:57:57  [Apache] 	Status change detected: stopped
17:57:58  [mysql] 	Attempting to stop MySQL app...
17:57:58  [mysql] 	Status change detected: stopped
17:58:00  [Apache] 	Attempting to start Apache app...
17:58:00  [Apache] 	Status change detected: running
17:58:04  [mysql] 	Attempting to start MySQL app...
17:58:04  [mysql] 	Status change detected: running
17:59:20  [Apache] 	Attempting to stop Apache (PID: 9008)
17:59:20  [Apache] 	Attempting to stop Apache (PID: 15232)
17:59:20  [Apache] 	Status change detected: stopped
17:59:21  [mysql] 	Attempting to stop MySQL app...
17:59:21  [mysql] 	Status change detected: stopped
17:59:31  [Apache] 	Attempting to start Apache app...
17:59:31  [Apache] 	Status change detected: running
17:59:33  [mysql] 	Attempting to start MySQL app...
17:59:34  [mysql] 	Status change detected: running
18:00:27  [Apache] 	Attempting to stop Apache (PID: 14896)
18:00:27  [Apache] 	Attempting to stop Apache (PID: 3224)
18:00:27  [Apache] 	Status change detected: stopped
18:00:28  [mysql] 	Attempting to stop MySQL app...
18:00:28  [mysql] 	Status change detected: stopped
18:01:46  [Apache] 	Attempting to start Apache app...
18:01:46  [Apache] 	Status change detected: running
18:01:47  [mysql] 	Attempting to start MySQL app...
18:01:47  [mysql] 	Status change detected: running
18:07:30  [Apache] 	Status change detected: stopped
18:07:30  [Apache] 	Error: Apache shutdown unexpectedly.
18:07:30  [Apache] 	This may be due to a blocked port, missing dependencies, 
18:07:30  [Apache] 	improper privileges, a crash, or a shutdown by another method.
18:07:30  [Apache] 	Press the Logs button to view error logs and check
18:07:30  [Apache] 	the Windows Event Viewer for more clues
18:07:30  [Apache] 	If you need more help, copy and post this
18:07:30  [Apache] 	entire log window on the forums
18:07:30  [mysql] 	Status change detected: stopped
18:07:30  [mysql] 	Error: MySQL shutdown unexpectedly.
18:07:30  [mysql] 	This may be due to a blocked port, missing dependencies, 
18:07:30  [mysql] 	improper privileges, a crash, or a shutdown by another method.
18:07:30  [mysql] 	Press the Logs button to view error logs and check
18:07:30  [mysql] 	the Windows Event Viewer for more clues
18:07:30  [mysql] 	If you need more help, copy and post this
18:07:30  [mysql] 	entire log window on the forums
18:07:30  [main] 	Deinitializing Modules
18:07:30  [main] 	Deinitializing Control Panel

19:24:54  [main] 	Initializing Control Panel
19:24:54  [main] 	Windows Version:  Home  64-bit
19:24:54  [main] 	XAMPP Version: 8.2.12
19:24:54  [main] 	Control Panel Version: 3.3.0  [ Compiled: Apr 6th 2021 ]
19:24:54  [main] 	Running with Administrator rights - good!
19:24:54  [main] 	XAMPP Installation Directory: "c:\xampp\"
19:24:54  [main] 	Checking for prerequisites
19:24:56  [main] 	All prerequisites found
19:24:56  [main] 	Initializing Modules
19:24:56  [main] 	The FileZilla module is disabled
19:24:56  [main] 	The Mercury module is disabled
19:24:56  [main] 	The Tomcat module is disabled
19:24:56  [main] 	Starting Check-Timer
19:24:56  [main] 	Control Panel Ready
19:24:57  [Apache] 	Attempting to start Apache app...
19:24:58  [Apache] 	Status change detected: running
19:24:58  [mysql] 	Attempting to start MySQL app...
19:24:58  [mysql] 	Status change detected: running
19:31:47  [Apache] 	Attempting to stop Apache (PID: 11436)
19:31:47  [Apache] 	Attempting to stop Apache (PID: 7980)
19:31:47  [Apache] 	Status change detected: stopped
19:31:47  [mysql] 	Attempting to stop MySQL app...
19:31:48  [mysql] 	Status change detected: stopped
19:31:50  [Apache] 	Attempting to start Apache app...
19:31:50  [Apache] 	Status change detected: running
19:31:50  [mysql] 	Attempting to start MySQL app...
19:31:50  [mysql] 	Status change detected: running
19:37:44  [main] 	Deinitializing Modules
19:37:44  [main] 	Deinitializing Control Panel

